  [1m[35m (1.8ms)[0m  [1m[34mSELECT sqlite_version(*)[0m
  ↳ /home/learn/.rvm/gems/ruby-2.4.1/bin/rake:23
  [1m[35m (9.6ms)[0m  [1m[35mCREATE TABLE "schema_migrations" ("version" varchar NOT NULL PRIMARY KEY)[0m
  ↳ /home/learn/.rvm/gems/ruby-2.4.1/bin/rake:23
  [1m[35m (3.7ms)[0m  [1m[35mCREATE TABLE "ar_internal_metadata" ("key" varchar NOT NULL PRIMARY KEY, "value" varchar, "created_at" datetime NOT NULL, "updated_at" datetime NOT NULL)[0m
  ↳ /home/learn/.rvm/gems/ruby-2.4.1/bin/rake:23
  [1m[35m (0.1ms)[0m  [1m[34mSELECT "schema_migrations"."version" FROM "schema_migrations" ORDER BY "schema_migrations"."version" ASC[0m
  ↳ /home/learn/.rvm/gems/ruby-2.4.1/bin/rake:23
Migrating to CreateStudents (20190204030429)
  [1m[35m (0.1ms)[0m  [1m[36mbegin transaction[0m
  ↳ /home/learn/.rvm/gems/ruby-2.4.1/bin/rake:23
  [1m[35m (0.4ms)[0m  [1m[35mCREATE TABLE "students" ("id" integer PRIMARY KEY AUTOINCREMENT NOT NULL, "username" varchar, "password_digest" varchar, "email" varchar, "first_name" varchar, "last_name" varchar, "admin" boolean, "provider" varchar, "uid" varchar, "oauth_token" varchar, "oauth_expires_at" datetime, "created_at" datetime NOT NULL, "updated_at" datetime NOT NULL)[0m
  ↳ db/migrate/20190204030429_create_students.rb:3
  [1m[36mActiveRecord::SchemaMigration Create (0.1ms)[0m  [1m[32mINSERT INTO "schema_migrations" ("version") VALUES (?)[0m  [["version", "20190204030429"]]
  ↳ /home/learn/.rvm/gems/ruby-2.4.1/bin/rake:23
  [1m[35m (2.2ms)[0m  [1m[36mcommit transaction[0m
  ↳ /home/learn/.rvm/gems/ruby-2.4.1/bin/rake:23
Migrating to CreateCourses (20190204030531)
  [1m[35m (0.1ms)[0m  [1m[36mbegin transaction[0m
  ↳ /home/learn/.rvm/gems/ruby-2.4.1/bin/rake:23
  [1m[35m (1.3ms)[0m  [1m[35mCREATE TABLE "courses" ("id" integer PRIMARY KEY AUTOINCREMENT NOT NULL, "name" varchar, "time_spent" integer, "completed" boolean, "date" date, "student_id" integer, "created_at" datetime, "updated_at" datetime, CONSTRAINT "fk_rails_06d459a540"
FOREIGN KEY ("student_id")
  REFERENCES "students" ("id")
)[0m
  ↳ db/migrate/20190204030531_create_courses.rb:3
  [1m[35m (0.1ms)[0m  [1m[35mCREATE  INDEX "index_courses_on_student_id" ON "courses" ("student_id")[0m
  ↳ db/migrate/20190204030531_create_courses.rb:3
  [1m[36mActiveRecord::SchemaMigration Create (0.1ms)[0m  [1m[32mINSERT INTO "schema_migrations" ("version") VALUES (?)[0m  [["version", "20190204030531"]]
  ↳ /home/learn/.rvm/gems/ruby-2.4.1/bin/rake:23
  [1m[35m (4.1ms)[0m  [1m[36mcommit transaction[0m
  ↳ /home/learn/.rvm/gems/ruby-2.4.1/bin/rake:23
Migrating to CreateCourseStudents (20190204030744)
  [1m[35m (0.1ms)[0m  [1m[36mbegin transaction[0m
  ↳ /home/learn/.rvm/gems/ruby-2.4.1/bin/rake:23
  [1m[35m (0.3ms)[0m  [1m[35mCREATE TABLE "course_students" ("id" integer PRIMARY KEY AUTOINCREMENT NOT NULL, "student_id_id" integer, "course_id_id" integer, "created_at" datetime NOT NULL, "updated_at" datetime NOT NULL, CONSTRAINT "fk_rails_41ec18c4ea"
FOREIGN KEY ("student_id_id")
  REFERENCES "student_ids" ("id")
, CONSTRAINT "fk_rails_925eed2b35"
FOREIGN KEY ("course_id_id")
  REFERENCES "course_ids" ("id")
)[0m
  ↳ db/migrate/20190204030744_create_course_students.rb:3
  [1m[35m (0.2ms)[0m  [1m[35mCREATE  INDEX "index_course_students_on_student_id_id" ON "course_students" ("student_id_id")[0m
  ↳ db/migrate/20190204030744_create_course_students.rb:3
  [1m[35m (0.1ms)[0m  [1m[35mCREATE  INDEX "index_course_students_on_course_id_id" ON "course_students" ("course_id_id")[0m
  ↳ db/migrate/20190204030744_create_course_students.rb:3
  [1m[36mActiveRecord::SchemaMigration Create (0.2ms)[0m  [1m[32mINSERT INTO "schema_migrations" ("version") VALUES (?)[0m  [["version", "20190204030744"]]
  ↳ /home/learn/.rvm/gems/ruby-2.4.1/bin/rake:23
  [1m[35m (4.0ms)[0m  [1m[36mcommit transaction[0m
  ↳ /home/learn/.rvm/gems/ruby-2.4.1/bin/rake:23
Migrating to CreateComments (20190204030827)
  [1m[35m (0.1ms)[0m  [1m[36mbegin transaction[0m
  ↳ /home/learn/.rvm/gems/ruby-2.4.1/bin/rake:23
  [1m[35m (1.6ms)[0m  [1m[35mCREATE TABLE "comments" ("id" integer PRIMARY KEY AUTOINCREMENT NOT NULL, "comment" text, "course_id" integer, "created_at" datetime, "updated_at" datetime, CONSTRAINT "fk_rails_d0f578074a"
FOREIGN KEY ("course_id")
  REFERENCES "courses" ("id")
)[0m
  ↳ db/migrate/20190204030827_create_comments.rb:3
  [1m[35m (0.1ms)[0m  [1m[35mCREATE  INDEX "index_comments_on_course_id" ON "comments" ("course_id")[0m
  ↳ db/migrate/20190204030827_create_comments.rb:3
  [1m[36mActiveRecord::SchemaMigration Create (0.1ms)[0m  [1m[32mINSERT INTO "schema_migrations" ("version") VALUES (?)[0m  [["version", "20190204030827"]]
  ↳ /home/learn/.rvm/gems/ruby-2.4.1/bin/rake:23
  [1m[35m (11.0ms)[0m  [1m[36mcommit transaction[0m
  ↳ /home/learn/.rvm/gems/ruby-2.4.1/bin/rake:23
  [1m[36mActiveRecord::InternalMetadata Load (0.2ms)[0m  [1m[34mSELECT  "ar_internal_metadata".* FROM "ar_internal_metadata" WHERE "ar_internal_metadata"."key" = ? LIMIT ?[0m  [["key", "environment"], ["LIMIT", 1]]
  ↳ /home/learn/.rvm/gems/ruby-2.4.1/bin/rake:23
  [1m[35m (0.1ms)[0m  [1m[36mbegin transaction[0m
  ↳ /home/learn/.rvm/gems/ruby-2.4.1/bin/rake:23
  [1m[36mActiveRecord::InternalMetadata Create (1.0ms)[0m  [1m[32mINSERT INTO "ar_internal_metadata" ("key", "value", "created_at", "updated_at") VALUES (?, ?, ?, ?)[0m  [["key", "environment"], ["value", "development"], ["created_at", "2019-02-09 20:07:35.909602"], ["updated_at", "2019-02-09 20:07:35.909602"]]
  ↳ /home/learn/.rvm/gems/ruby-2.4.1/bin/rake:23
  [1m[35m (3.0ms)[0m  [1m[36mcommit transaction[0m
  ↳ /home/learn/.rvm/gems/ruby-2.4.1/bin/rake:23
  [1m[35m (0.1ms)[0m  [1m[34mSELECT "schema_migrations"."version" FROM "schema_migrations" ORDER BY "schema_migrations"."version" ASC[0m
  ↳ /home/learn/.rvm/gems/ruby-2.4.1/bin/rake:23
  [1m[35m (0.2ms)[0m  [1m[34mSELECT "schema_migrations"."version" FROM "schema_migrations" ORDER BY "schema_migrations"."version" ASC[0m
  ↳ /home/learn/.rvm/gems/ruby-2.4.1/bin/rake:23
  [1m[35m (0.1ms)[0m  [1m[36mbegin transaction[0m
  ↳ db/seeds.rb:9
  [1m[36mStudent Exists (0.1ms)[0m  [1m[34mSELECT  1 AS one FROM "students" WHERE "students"."email" = ? LIMIT ?[0m  [["email", "sfields@abc.com"], ["LIMIT", 1]]
  ↳ db/seeds.rb:9
  [1m[36mStudent Create (3.5ms)[0m  [1m[32mINSERT INTO "students" ("username", "password_digest", "email", "first_name", "last_name", "admin", "created_at", "updated_at") VALUES (?, ?, ?, ?, ?, ?, ?, ?)[0m  [["username", "sfields"], ["password_digest", "$2a$10$yMSHWHXMAibrIG2DZuURXOZH8lc9CvRjvvTIHWnmC2UY213Z8ooP6"], ["email", "sfields@abc.com"], ["first_name", "Sally"], ["last_name", "Fields"], ["admin", 1], ["created_at", "2019-02-09 20:08:09.893598"], ["updated_at", "2019-02-09 20:08:09.893598"]]
  ↳ db/seeds.rb:9
  [1m[35m (10.2ms)[0m  [1m[36mcommit transaction[0m
  ↳ db/seeds.rb:9
  [1m[35m (0.1ms)[0m  [1m[36mbegin transaction[0m
  ↳ db/seeds.rb:9
  [1m[36mStudent Exists (0.1ms)[0m  [1m[34mSELECT  1 AS one FROM "students" WHERE "students"."email" = ? LIMIT ?[0m  [["email", "tbear@efg.com"], ["LIMIT", 1]]
  ↳ db/seeds.rb:9
  [1m[36mStudent Create (2.4ms)[0m  [1m[32mINSERT INTO "students" ("username", "password_digest", "email", "first_name", "last_name", "admin", "created_at", "updated_at") VALUES (?, ?, ?, ?, ?, ?, ?, ?)[0m  [["username", "tbear"], ["password_digest", "$2a$10$lQ1nkJONfMgJRvFTqhaLA.fQEzNMPCbgloXICnACttE9IGS7Us3Bq"], ["email", "tbear@efg.com"], ["first_name", "Teddy"], ["last_name", "Bear"], ["admin", 0], ["created_at", "2019-02-09 20:08:09.968920"], ["updated_at", "2019-02-09 20:08:09.968920"]]
  ↳ db/seeds.rb:9
  [1m[35m (6.5ms)[0m  [1m[36mcommit transaction[0m
  ↳ db/seeds.rb:9
Started GET "/" for 127.0.0.1 at 2019-02-09 12:08:19 -0800
  [1m[35m (0.1ms)[0m  [1m[34mSELECT "schema_migrations"."version" FROM "schema_migrations" ORDER BY "schema_migrations"."version" ASC[0m
  ↳ /home/learn/.rvm/gems/ruby-2.4.1/gems/activerecord-5.2.2/lib/active_record/log_subscriber.rb:98
Processing by Rails::WelcomeController#index as HTML
  Rendering /home/learn/.rvm/gems/ruby-2.4.1/gems/railties-5.2.2/lib/rails/templates/rails/welcome/index.html.erb
  Rendered /home/learn/.rvm/gems/ruby-2.4.1/gems/railties-5.2.2/lib/rails/templates/rails/welcome/index.html.erb (4.7ms)
Completed 200 OK in 63ms (Views: 35.3ms | ActiveRecord: 0.0ms)


